6,홈즈앤루팡 강남점
149,레드버튼 강남논현점
629,더스노우 논현점
1148,카페미드나잇
1417,코드이스케이프 가로수길점
2519,로와이드 압구정점
5893,지유가오카핫쵸메 7호점
9092,베버샵
9810,파라노이드 강남뱅뱅 카페
12638,맷카페
17652,싸인이스케이프 강남시티점
17654,커피빈 역삼점
18975,데쎄르룸
19675,카페일칠공
21014,캘리클럽 청담점
22366,메종원스이어
22379,마들마들
26298,카페폴리
26308,르메드
27156,비바살롱
27165,한강에스프레소
27176,밤부베이커리&브루잉
28502,레드버튼 망원역점
28540,카페밤비 2호점
29872,허니빙스
31234,이디야커피 상암홈플러스점
31244,카페W
32577,제주스 홈플러스 상암월드컵점
33783,백호커피
34291,백억커피 금호역점
34292,라파예트
34293,부띠크카페
36326,플라이팬커피
36332,컴포즈커피 자양신양초교점
36345,별콩다방
37572,블랑커피
37719,놀숲 건대점
37761,커피빈 건대스타시티점
38249,송커피
39343,히어로보드게임카페 어린이대공원점
39459,요거트아이스크림의정석 개포점
39461,선이랑 Sun s Donut
40810,스타벅스 사당로데오점
41288,컴포즈커피 도곡매봉점
41289,타짜도르 도곡점
43070,커피빈 도곡점
43559,백억커피 화양점
43581,스타벅스 건대후문점
44405,감성커피 마포성산점
45560,나따오비까 대치점
45578,소운빙 한티역점
45582,로스팅팩토리
45647,빽다방 총신대입구역점
46013,윤숲 후르츠산도점
46016,스타벅스 군자역점
46028,로프커피
46031,로쿠커피
46040,쿤스
46046,투썸플레이스 군자역점
46049,탐앤탐스 군자역점
46052,책방고즈넉
46055,메가MGC커피 군자동주민센터점
46058,솔티드
46061,프라이빗플레이스
46064,조잇
46070,카페지니
46079,더키즈 프리미엄키즈카페
46081,투썸플레이스 세종대학교점
46084,메가MGC커피 군자역점
46087,스타벅스 군자사거리점
46091,단지커피
46094,카페 안데르센
46097,더벤티 서울군자점
46103,24시 무인카페 카페& 아이스크림할인점 세종대점
47811,방배동커피상회
47813,메가MGC커피 이수경문고점
47815,비비드
47817,과일에반하다 프루타 방배점
47819,투썸플레이스 방배카페거리점
47821,커피빈 방배카페골목점
47823,이디야커피 방배중앙점
47825,카페파이브
47827,요거트아이스크림의정석 이수점
47829,가온카페
47831,마지드도로시
47833,라콤
47835,커피꿈다락
48111,토즈모임센터 선릉삼성 회의실공간
48124,스타벅스 선릉세화빌딩점
48126,모찌방
